<?xml version="1.0" encoding="UTF-8"?>
<!-- Generated by org.testng.reporters.JUnitXMLReporter -->
<testsuite ignored="6" hostname="LTIN192086" failures="0" tests="0" name="EdgeTest" time="43.487" errors="0" timestamp="2024-02-12T17:51:24 IST">
  <testcase classname="TestBase.BaseClass" name="@BeforeTest setUpEnvi" time="0.0">
    <ignored/>
  </testcase> <!-- @BeforeTest setUpEnvi -->
  <testcase classname="TestBase.BaseClass" name="@AfterTest tearDown" time="0.0">
    <ignored/>
  </testcase> <!-- @AfterTest tearDown -->
  <testcase classname="TestBase.BaseClass" name="@BeforeTest setUpEnvi" time="0.0">
    <ignored/>
  </testcase> <!-- @BeforeTest setUpEnvi -->
  <testcase classname="TestBase.BaseClass" name="@AfterTest tearDown" time="0.0">
    <ignored/>
  </testcase> <!-- @AfterTest tearDown -->
  <testcase classname="TestBase.BaseClass" name="@BeforeTest setUpEnvi" time="0.0">
    <ignored/>
  </testcase> <!-- @BeforeTest setUpEnvi -->
  <testcase classname="TestBase.BaseClass" name="@AfterTest tearDown" time="0.0">
    <ignored/>
  </testcase> <!-- @AfterTest tearDown -->
</testsuite> <!-- EdgeTest -->
