<?xml version="1.0" encoding="UTF-8"?>
<!-- Generated by org.testng.reporters.JUnitXMLReporter -->
<testsuite ignored="6" hostname="LTIN226787" failures="0" tests="8" name="Test" time="106.426" errors="0" timestamp="2024-02-08T12:21:32 IST">
  <testcase classname="TestCase.TC01_HomePage" name="homepage" time="17.195"/>
  <testcase classname="TestCase.TC02_UpcomingBikes" name="ManufacturerDrpDown" time="3.885"/>
  <testcase classname="TestCase.TC02_UpcomingBikes" name="bikeDetails" time="33.553"/>
  <testcase classname="TestCase.TC03_UsedCars" name="hoverOnUsedCars" time="2.607"/>
  <testcase classname="TestCase.TC03_UsedCars" name="location" time="5.462"/>
  <testcase classname="TestCase.TC03_UsedCars" name="brandAvailable" time="5.814"/>
  <testcase classname="TestCase.TC04_LoginPage" name="LoginPageInHome" time="4.163"/>
  <testcase classname="TestCase.TC04_LoginPage" name="errorMessage" time="2.178"/>
  <testcase classname="TestBase.BaseClass" name="@BeforeTest setUpEnvi" time="0.0">
    <ignored/>
  </testcase> <!-- @BeforeTest setUpEnvi -->
  <testcase classname="TestBase.BaseClass" name="@BeforeTest setUpEnvi" time="0.0">
    <ignored/>
  </testcase> <!-- @BeforeTest setUpEnvi -->
  <testcase classname="TestBase.BaseClass" name="@BeforeTest setUpEnvi" time="0.0">
    <ignored/>
  </testcase> <!-- @BeforeTest setUpEnvi -->
  <testcase classname="TestBase.BaseClass" name="@AfterTest tearDown" time="0.0">
    <ignored/>
  </testcase> <!-- @AfterTest tearDown -->
  <testcase classname="TestBase.BaseClass" name="@AfterTest tearDown" time="0.0">
    <ignored/>
  </testcase> <!-- @AfterTest tearDown -->
  <testcase classname="TestBase.BaseClass" name="@AfterTest tearDown" time="0.0">
    <ignored/>
  </testcase> <!-- @AfterTest tearDown -->
</testsuite> <!-- Test -->
