<?xml version="1.0" encoding="UTF-8"?>
<!-- Generated by org.testng.reporters.JUnitXMLReporter -->
<testsuite ignored="6" hostname="LTIN192086" failures="0" tests="8" name="Test" time="203.558" errors="0" timestamp="2024-02-12T12:53:45 IST">
  <testcase classname="TestCase.TC01_HomePage" name="homepage" time="39.004"/>
  <testcase classname="TestCase.TC02_UpcomingBikes" name="ManufacturerDrpDown" time="6.071"/>
  <testcase classname="TestCase.TC02_UpcomingBikes" name="bikeDetails" time="36.046"/>
  <testcase classname="TestCase.TC03_UsedCars" name="hoverOnUsedCars" time="2.704"/>
  <testcase classname="TestCase.TC03_UsedCars" name="location" time="41.986"/>
  <testcase classname="TestCase.TC03_UsedCars" name="brandAvailable" time="7.587"/>
  <testcase classname="TestCase.TC04_LoginPage" name="LoginPageInHome" time="6.755"/>
  <testcase classname="TestCase.TC04_LoginPage" name="errorMessage" time="2.899"/>
  <testcase classname="TestBase.BaseClass" name="@AfterTest tearDown" time="0.0">
    <ignored/>
  </testcase> <!-- @AfterTest tearDown -->
  <testcase classname="TestBase.BaseClass" name="@BeforeTest setUpEnvi" time="0.0">
    <ignored/>
  </testcase> <!-- @BeforeTest setUpEnvi -->
  <testcase classname="TestBase.BaseClass" name="@BeforeTest setUpEnvi" time="0.0">
    <ignored/>
  </testcase> <!-- @BeforeTest setUpEnvi -->
  <testcase classname="TestBase.BaseClass" name="@BeforeTest setUpEnvi" time="0.0">
    <ignored/>
  </testcase> <!-- @BeforeTest setUpEnvi -->
  <testcase classname="TestBase.BaseClass" name="@AfterTest tearDown" time="0.0">
    <ignored/>
  </testcase> <!-- @AfterTest tearDown -->
  <testcase classname="TestBase.BaseClass" name="@AfterTest tearDown" time="0.0">
    <ignored/>
  </testcase> <!-- @AfterTest tearDown -->
</testsuite> <!-- Test -->
