<?xml version="1.0" encoding="UTF-8"?>
<!-- Generated by org.testng.reporters.JUnitXMLReporter -->
<testsuite ignored="6" hostname="LTIN192086" failures="0" tests="8" name="Test" time="172.847" errors="0" timestamp="2024-02-12T12:24:50 IST">
  <testcase classname="TestCase.TC01_HomePage" name="homepage" time="13.838"/>
  <testcase classname="TestCase.TC02_UpcomingBikes" name="ManufacturerDrpDown" time="3.288"/>
  <testcase classname="TestCase.TC02_UpcomingBikes" name="bikeDetails" time="84.545"/>
  <testcase classname="TestCase.TC03_UsedCars" name="hoverOnUsedCars" time="3.047"/>
  <testcase classname="TestCase.TC03_UsedCars" name="location" time="10.507"/>
  <testcase classname="TestCase.TC03_UsedCars" name="brandAvailable" time="10.994"/>
  <testcase classname="TestCase.TC04_LoginPage" name="LoginPageInHome" time="6.762"/>
  <testcase classname="TestCase.TC04_LoginPage" name="errorMessage" time="2.567"/>
  <testcase classname="TestBase.BaseClass" name="@AfterTest tearDown" time="0.0">
    <ignored/>
  </testcase> <!-- @AfterTest tearDown -->
  <testcase classname="TestBase.BaseClass" name="@AfterTest tearDown" time="0.0">
    <ignored/>
  </testcase> <!-- @AfterTest tearDown -->
  <testcase classname="TestBase.BaseClass" name="@AfterTest tearDown" time="0.0">
    <ignored/>
  </testcase> <!-- @AfterTest tearDown -->
  <testcase classname="TestBase.BaseClass" name="@BeforeTest setUpEnvi" time="0.0">
    <ignored/>
  </testcase> <!-- @BeforeTest setUpEnvi -->
  <testcase classname="TestBase.BaseClass" name="@BeforeTest setUpEnvi" time="0.0">
    <ignored/>
  </testcase> <!-- @BeforeTest setUpEnvi -->
  <testcase classname="TestBase.BaseClass" name="@BeforeTest setUpEnvi" time="0.0">
    <ignored/>
  </testcase> <!-- @BeforeTest setUpEnvi -->
</testsuite> <!-- Test -->
