<?xml version="1.0" encoding="UTF-8"?>
<testng-results ignored="0" total="8" passed="8" failed="0" skipped="0">
  <reporter-output>
  </reporter-output>
  <suite started-at="2024-02-12T15:30:39 IST" name="Suite" finished-at="2024-02-12T15:33:23 IST" duration-ms="164271">
    <groups>
      <group name="regression">
        <method signature="TC02_UpcomingBikes.ManufacturerDrpDown()[pri:2, instance:TestCase.TC02_UpcomingBikes@55183b20]" name="ManufacturerDrpDown" class="TestCase.TC02_UpcomingBikes"/>
        <method signature="TC02_UpcomingBikes.bikeDetails()[pri:3, instance:TestCase.TC02_UpcomingBikes@55183b20]" name="bikeDetails" class="TestCase.TC02_UpcomingBikes"/>
        <method signature="TC03_UsedCars.hoverOnUsedCars()[pri:4, instance:TestCase.TC03_UsedCars@4f83df68]" name="hoverOnUsedCars" class="TestCase.TC03_UsedCars"/>
        <method signature="TC03_UsedCars.location()[pri:5, instance:TestCase.TC03_UsedCars@4f83df68]" name="location" class="TestCase.TC03_UsedCars"/>
        <method signature="TC03_UsedCars.brandAvailable()[pri:6, instance:TestCase.TC03_UsedCars@4f83df68]" name="brandAvailable" class="TestCase.TC03_UsedCars"/>
        <method signature="TC04_LoginPage.errorMessage()[pri:9, instance:TestCase.TC04_LoginPage@6cf0e0ba]" name="errorMessage" class="TestCase.TC04_LoginPage"/>
      </group> <!-- regression -->
      <group name="sanity">
        <method signature="TC04_LoginPage.LoginPageInHome()[pri:8, instance:TestCase.TC04_LoginPage@6cf0e0ba]" name="LoginPageInHome" class="TestCase.TC04_LoginPage"/>
        <method signature="TC01_HomePage.homepage()[pri:1, instance:TestCase.TC01_HomePage@1b7cc17c]" name="homepage" class="TestCase.TC01_HomePage"/>
      </group> <!-- sanity -->
    </groups>
    <test started-at="2024-02-12T15:30:39 IST" name="Test" finished-at="2024-02-12T15:33:23 IST" duration-ms="164271">
      <class name="TestCase.TC03_UsedCars">
        <test-method signature="hoverOnUsedCars()[pri:4, instance:TestCase.TC03_UsedCars@4f83df68]" started-at="2024-02-12T15:32:25 IST" name="hoverOnUsedCars" finished-at="2024-02-12T15:32:27 IST" duration-ms="2710" status="PASS">
          <reporter-output>
          </reporter-output>
        </test-method> <!-- hoverOnUsedCars -->
        <test-method signature="location()[pri:5, instance:TestCase.TC03_UsedCars@4f83df68]" started-at="2024-02-12T15:32:28 IST" name="location" finished-at="2024-02-12T15:33:03 IST" depends-on-methods="TestCase.TC03_UsedCars.hoverOnUsedCars" duration-ms="35270" status="PASS">
          <reporter-output>
          </reporter-output>
        </test-method> <!-- location -->
        <test-method signature="brandAvailable()[pri:6, instance:TestCase.TC03_UsedCars@4f83df68]" started-at="2024-02-12T15:33:03 IST" name="brandAvailable" finished-at="2024-02-12T15:33:10 IST" depends-on-methods="TestCase.TC03_UsedCars.hoverOnUsedCars, TestCase.TC03_UsedCars.location" duration-ms="7216" status="PASS">
          <reporter-output>
          </reporter-output>
        </test-method> <!-- brandAvailable -->
      </class> <!-- TestCase.TC03_UsedCars -->
      <class name="TestCase.TC02_UpcomingBikes">
        <test-method signature="ManufacturerDrpDown()[pri:2, instance:TestCase.TC02_UpcomingBikes@55183b20]" started-at="2024-02-12T15:31:37 IST" name="ManufacturerDrpDown" finished-at="2024-02-12T15:31:44 IST" duration-ms="6945" status="PASS">
          <reporter-output>
          </reporter-output>
        </test-method> <!-- ManufacturerDrpDown -->
        <test-method signature="bikeDetails()[pri:3, instance:TestCase.TC02_UpcomingBikes@55183b20]" started-at="2024-02-12T15:31:45 IST" name="bikeDetails" finished-at="2024-02-12T15:32:24 IST" depends-on-methods="TestCase.TC02_UpcomingBikes.ManufacturerDrpDown" duration-ms="38890" status="PASS">
          <reporter-output>
          </reporter-output>
        </test-method> <!-- bikeDetails -->
      </class> <!-- TestCase.TC02_UpcomingBikes -->
      <class name="TestCase.TC04_LoginPage">
        <test-method signature="LoginPageInHome()[pri:8, instance:TestCase.TC04_LoginPage@6cf0e0ba]" started-at="2024-02-12T15:33:12 IST" name="LoginPageInHome" finished-at="2024-02-12T15:33:18 IST" duration-ms="5312" status="PASS">
          <reporter-output>
          </reporter-output>
        </test-method> <!-- LoginPageInHome -->
        <test-method signature="errorMessage()[pri:9, instance:TestCase.TC04_LoginPage@6cf0e0ba]" started-at="2024-02-12T15:33:18 IST" name="errorMessage" finished-at="2024-02-12T15:33:21 IST" depends-on-methods="TestCase.TC04_LoginPage.LoginPageInHome" duration-ms="3128" status="PASS">
          <reporter-output>
          </reporter-output>
        </test-method> <!-- errorMessage -->
      </class> <!-- TestCase.TC04_LoginPage -->
      <class name="TestCase.TC01_HomePage">
        <test-method is-config="true" signature="setUpEnvi(java.lang.String)[pri:0, instance:TestCase.TC01_HomePage@1b7cc17c]" started-at="2024-02-12T15:30:40 IST" name="setUpEnvi" finished-at="2024-02-12T15:31:05 IST" duration-ms="25129" status="PASS">
          <params>
            <param index="0">
              <value>
                <![CDATA[chrome]]>
              </value>
            </param>
          </params>
          <reporter-output>
          </reporter-output>
        </test-method> <!-- setUpEnvi -->
        <test-method signature="homepage()[pri:1, instance:TestCase.TC01_HomePage@1b7cc17c]" started-at="2024-02-12T15:31:05 IST" name="homepage" finished-at="2024-02-12T15:31:37 IST" duration-ms="31724" status="PASS">
          <reporter-output>
          </reporter-output>
        </test-method> <!-- homepage -->
        <test-method is-config="true" signature="tearDown()[pri:0, instance:TestCase.TC01_HomePage@1b7cc17c]" started-at="2024-02-12T15:33:21 IST" name="tearDown" finished-at="2024-02-12T15:33:23 IST" duration-ms="1737" status="PASS">
          <reporter-output>
          </reporter-output>
        </test-method> <!-- tearDown -->
      </class> <!-- TestCase.TC01_HomePage -->
    </test> <!-- Test -->
  </suite> <!-- Suite -->
</testng-results>
